2025-05-20T21:03:49.248 INFO Carregando variáveis de ambiente do arquivo .env para ambiente local.
2025-05-20T21:03:49.271 INFO Variáveis de ambiente carregadas do .env: JDBC_DATABASE_URL: [jdbc:postgresql://localhost:5432/m33_db], JDBC_DATABASE_USERNAME: [postgres], JDBC_DATABASE_PASSWORD: [F7@uM!dQ#2kLpZxT$9eV], HIBERNATE_DDL_AUTO: [update]
2025-05-20T21:03:49.805 INFO Starting FixYouApplication using Java 21.0.7 with PID 27528 (C:\Dev\Workspace\fixyou\target\classes started by samuel.duarte in C:\Dev\Workspace\fixyou)
2025-05-20T21:03:49.811 INFO No active profile set, falling back to 1 default profile: "default"
2025-05-20T21:12:48.012 INFO Carregando variáveis de ambiente do arquivo .env para ambiente local.
2025-05-20T21:12:48.037 INFO Variáveis de ambiente carregadas do .env: JDBC_DATABASE_URL: [jdbc:postgresql://localhost:5432/m33_db], JDBC_DATABASE_USERNAME: [postgres], JDBC_DATABASE_PASSWORD: [F7@uM!dQ#2kLpZxT$9eV], HIBERNATE_DDL_AUTO: [update]
2025-05-20T21:12:48.462 INFO Starting FixYouApplication using Java 21.0.7 with PID 22076 (C:\Dev\Workspace\fixyou\target\classes started by samuel.duarte in C:\Dev\Workspace\fixyou)
2025-05-20T21:12:48.466 INFO No active profile set, falling back to 1 default profile: "default"
2025-05-20T21:13:30.270 INFO Carregando variáveis de ambiente do arquivo .env para ambiente local.
2025-05-20T21:13:30.306 INFO Variáveis de ambiente carregadas do .env: JDBC_DATABASE_URL: [jdbc:postgresql://localhost:5432/m33_db], JDBC_DATABASE_USERNAME: [postgres], JDBC_DATABASE_PASSWORD: [F7@uM!dQ#2kLpZxT$9eV], HIBERNATE_DDL_AUTO: [update]
2025-05-20T21:13:31.003 INFO Starting FixYouApplication using Java 21.0.7 with PID 6324 (C:\Dev\Workspace\fixyou\target\classes started by samuel.duarte in C:\Dev\Workspace\fixyou)
2025-05-20T21:13:31.009 INFO No active profile set, falling back to 1 default profile: "default"
2025-05-20T21:14:31.521 INFO Carregando variáveis de ambiente do arquivo .env para ambiente local.
2025-05-20T21:14:31.542 INFO Variáveis de ambiente carregadas do .env: JDBC_DATABASE_URL: [jdbc:postgresql://localhost:5432/m33_db], JDBC_DATABASE_USERNAME: [postgres], JDBC_DATABASE_PASSWORD: [F7@uM!dQ#2kLpZxT$9eV], HIBERNATE_DDL_AUTO: [update]
2025-05-20T21:14:32.007 INFO Starting FixYouApplication using Java 21.0.7 with PID 31064 (C:\Dev\Workspace\fixyou\target\classes started by samuel.duarte in C:\Dev\Workspace\fixyou)
2025-05-20T21:14:32.011 INFO No active profile set, falling back to 1 default profile: "default"
2025-05-20T21:15:20.654 INFO Carregando variáveis de ambiente do arquivo .env para ambiente local.
2025-05-20T21:15:20.679 INFO Variáveis de ambiente carregadas do .env: JDBC_DATABASE_URL: [jdbc:postgresql://localhost:5432/m33_db], JDBC_DATABASE_USERNAME: [postgres], JDBC_DATABASE_PASSWORD: [F7@uM!dQ#2kLpZxT$9eV], HIBERNATE_DDL_AUTO: [update]
2025-05-20T21:15:21.092 INFO Starting FixYouApplication using Java 21.0.7 with PID 12284 (C:\Dev\Workspace\fixyou\target\classes started by samuel.duarte in C:\Dev\Workspace\fixyou)
2025-05-20T21:15:21.096 INFO No active profile set, falling back to 1 default profile: "default"
2025-05-20T21:16:50.244 INFO Carregando variáveis de ambiente do arquivo .env para ambiente local.
2025-05-20T21:16:50.266 INFO Variáveis de ambiente carregadas do .env: JDBC_DATABASE_URL: [jdbc:postgresql://localhost:5432/m33_db], JDBC_DATABASE_USERNAME: [postgres], JDBC_DATABASE_PASSWORD: [F7@uM!dQ#2kLpZxT$9eV], HIBERNATE_DDL_AUTO: [update]
2025-05-20T21:16:50.689 INFO Starting FixYouApplication using Java 21.0.7 with PID 15008 (C:\Dev\Workspace\fixyou\target\classes started by samuel.duarte in C:\Dev\Workspace\fixyou)
2025-05-20T21:16:50.692 INFO No active profile set, falling back to 1 default profile: "default"
2025-05-20T21:18:47.207 INFO Carregando variáveis de ambiente do arquivo .env para ambiente local.
2025-05-20T21:18:47.230 INFO Variáveis de ambiente carregadas do .env: JDBC_DATABASE_URL: [jdbc:postgresql://localhost:5432/m33_db], JDBC_DATABASE_USERNAME: [postgres], JDBC_DATABASE_PASSWORD: [F7@uM!dQ#2kLpZxT$9eV], HIBERNATE_DDL_AUTO: [update]
2025-05-20T21:18:47.736 INFO Starting FixYouApplication using Java 21.0.7 with PID 18580 (C:\Dev\Workspace\fixyou\target\classes started by samuel.duarte in C:\Dev\Workspace\fixyou)
2025-05-20T21:18:47.741 INFO No active profile set, falling back to 1 default profile: "default"
2025-05-20T21:25:22.987 INFO Carregando variáveis de ambiente do arquivo .env para ambiente local.
2025-05-20T21:25:23.010 INFO Variáveis de ambiente carregadas do .env: JDBC_DATABASE_URL: [jdbc:postgresql://localhost:5432/m33_db], JDBC_DATABASE_USERNAME: [postgres], JDBC_DATABASE_PASSWORD: [F7@uM!dQ#2kLpZxT$9eV], HIBERNATE_DDL_AUTO: [update]
2025-05-20T21:25:23.428 INFO Starting FixYouApplication using Java 21.0.7 with PID 25844 (C:\Dev\Workspace\fixyou\target\classes started by samuel.duarte in C:\Dev\Workspace\fixyou)
2025-05-20T21:25:23.431 INFO No active profile set, falling back to 1 default profile: "default"
2025-05-20T21:38:40.059 INFO Carregando variáveis de ambiente do arquivo .env para ambiente local.
2025-05-20T21:38:40.082 INFO Variáveis de ambiente carregadas do .env: JDBC_DATABASE_URL: [jdbc:postgresql://localhost:5432/m33_db], JDBC_DATABASE_USERNAME: [postgres], JDBC_DATABASE_PASSWORD: [F7@uM!dQ#2kLpZxT$9eV], HIBERNATE_DDL_AUTO: [update]
2025-05-20T21:38:40.508 INFO Starting FixYouApplication using Java 21.0.7 with PID 31284 (C:\Dev\Workspace\fixyou\target\classes started by samuel.duarte in C:\Dev\Workspace\fixyou)
2025-05-20T21:38:40.511 INFO No active profile set, falling back to 1 default profile: "default"
2025-05-20T21:38:46.113 INFO Started FixYouApplication in 5.947 seconds (process running for 7.092)
2025-05-20T21:50:15.063 INFO Carregando variáveis de ambiente do arquivo .env para ambiente local.
2025-05-20T21:50:15.087 INFO Variáveis de ambiente carregadas do .env: JDBC_DATABASE_URL: [jdbc:postgresql://localhost:5432/m33_db], JDBC_DATABASE_USERNAME: [postgres], JDBC_DATABASE_PASSWORD: [F7@uM!dQ#2kLpZxT$9eV], HIBERNATE_DDL_AUTO: [update]
2025-05-20T21:50:15.509 INFO Starting FixYouApplication using Java 21.0.7 with PID 29356 (C:\Dev\Workspace\fixyou\target\classes started by samuel.duarte in C:\Dev\Workspace\fixyou)
2025-05-20T21:50:15.514 INFO No active profile set, falling back to 1 default profile: "default"
2025-05-20T21:50:21.851 INFO Started FixYouApplication in 6.681 seconds (process running for 7.698)
2025-05-20T22:09:48.116 INFO Carregando variáveis de ambiente do arquivo .env para ambiente local.
2025-05-20T22:09:48.138 INFO Variáveis de ambiente carregadas do .env: JDBC_DATABASE_URL: [jdbc:postgresql://localhost:5432/m33_db], JDBC_DATABASE_USERNAME: [postgres], JDBC_DATABASE_PASSWORD: [F7@uM!dQ#2kLpZxT$9eV], HIBERNATE_DDL_AUTO: [update]
2025-05-20T22:10:28.300 INFO Carregando variáveis de ambiente do arquivo .env para ambiente local.
2025-05-20T22:10:28.324 INFO Variáveis de ambiente carregadas do .env: JDBC_DATABASE_URL: [jdbc:postgresql://localhost:5432/m33_db], JDBC_DATABASE_USERNAME: [postgres], JDBC_DATABASE_PASSWORD: [F7@uM!dQ#2kLpZxT$9eV], HIBERNATE_DDL_AUTO: [update]
2025-05-20T22:10:52.458 INFO Carregando variáveis de ambiente do arquivo .env para ambiente local.
2025-05-20T22:10:52.487 INFO Variáveis de ambiente carregadas do .env: JDBC_DATABASE_URL: [jdbc:postgresql://localhost:5432/m33_db], JDBC_DATABASE_USERNAME: [postgres], JDBC_DATABASE_PASSWORD: [F7@uM!dQ#2kLpZxT$9eV], HIBERNATE_DDL_AUTO: [update]
2025-05-20T22:11:11.021 INFO Carregando variáveis de ambiente do arquivo .env para ambiente local.
2025-05-20T22:11:11.045 INFO Variáveis de ambiente carregadas do .env: JDBC_DATABASE_URL: [jdbc:postgresql://localhost:5432/m33_db], JDBC_DATABASE_USERNAME: [postgres], JDBC_DATABASE_PASSWORD: [F7@uM!dQ#2kLpZxT$9eV], HIBERNATE_DDL_AUTO: [update]
2025-05-20T22:11:53.500 INFO Carregando variáveis de ambiente do arquivo .env para ambiente local.
2025-05-20T22:11:53.523 INFO Variáveis de ambiente carregadas do .env: JDBC_DATABASE_URL: [jdbc:postgresql://localhost:5432/m33_db], JDBC_DATABASE_USERNAME: [postgres], JDBC_DATABASE_PASSWORD: [F7@uM!dQ#2kLpZxT$9eV], HIBERNATE_DDL_AUTO: [update]
2025-05-20T22:12:19.802 INFO Carregando variáveis de ambiente do arquivo .env para ambiente local.
2025-05-20T22:12:19.824 INFO Variáveis de ambiente carregadas do .env: JDBC_DATABASE_URL: [jdbc:postgresql://localhost:5432/m33_db], JDBC_DATABASE_USERNAME: [postgres], JDBC_DATABASE_PASSWORD: [F7@uM!dQ#2kLpZxT$9eV], HIBERNATE_DDL_AUTO: [update]
2025-05-20T22:12:20.252 INFO Starting FixYouApplication using Java 21.0.7 with PID 17616 (C:\Dev\Workspace\fixyou\target\classes started by samuel.duarte in C:\Dev\Workspace\fixyou)
2025-05-20T22:12:20.257 INFO No active profile set, falling back to 1 default profile: "default"
2025-05-20T22:12:26.142 INFO Started FixYouApplication in 6.233 seconds (process running for 7.233)
2025-05-20T22:21:31.424 INFO Carregando variáveis de ambiente do arquivo .env para ambiente local.
2025-05-20T22:21:31.453 INFO Variáveis de ambiente carregadas do .env: JDBC_DATABASE_URL: [jdbc:postgresql://localhost:5432/m33_db], JDBC_DATABASE_USERNAME: [postgres], JDBC_DATABASE_PASSWORD: [F7@uM!dQ#2kLpZxT$9eV], HIBERNATE_DDL_AUTO: [update]
2025-05-20T22:21:31.951 INFO Starting FixYouApplication using Java 21.0.7 with PID 2288 (C:\Dev\Workspace\fixyou\target\classes started by samuel.duarte in C:\Dev\Workspace\fixyou)
2025-05-20T22:21:31.954 INFO No active profile set, falling back to 1 default profile: "default"
2025-05-20T22:21:50.908 INFO Carregando variáveis de ambiente do arquivo .env para ambiente local.
2025-05-20T22:21:50.931 INFO Variáveis de ambiente carregadas do .env: JDBC_DATABASE_URL: [jdbc:postgresql://localhost:5432/m33_db], JDBC_DATABASE_USERNAME: [postgres], JDBC_DATABASE_PASSWORD: [F7@uM!dQ#2kLpZxT$9eV], HIBERNATE_DDL_AUTO: [update]
2025-05-20T22:21:51.342 INFO Starting FixYouApplication using Java 21.0.7 with PID 26652 (C:\Dev\Workspace\fixyou\target\classes started by samuel.duarte in C:\Dev\Workspace\fixyou)
2025-05-20T22:21:51.345 INFO No active profile set, falling back to 1 default profile: "default"
2025-05-20T22:21:57.430 INFO Started FixYouApplication in 6.417 seconds (process running for 7.423)
2025-05-20T22:25:35.465 INFO Carregando variáveis de ambiente do arquivo .env para ambiente local.
2025-05-20T22:25:35.522 INFO Variáveis de ambiente carregadas do .env: JDBC_DATABASE_URL: [jdbc:postgresql://localhost:5432/m33_db], JDBC_DATABASE_USERNAME: [postgres], JDBC_DATABASE_PASSWORD: [F7@uM!dQ#2kLpZxT$9eV], HIBERNATE_DDL_AUTO: [update]
2025-05-20T22:25:36.073 INFO Starting FixYouApplication using Java 21.0.7 with PID 29780 (C:\Dev\Workspace\fixyou\target\classes started by samuel.duarte in C:\Dev\Workspace\fixyou)
2025-05-20T22:25:36.078 INFO No active profile set, falling back to 1 default profile: "default"
2025-05-20T22:27:07.295 INFO Carregando variáveis de ambiente do arquivo .env para ambiente local.
2025-05-20T22:27:07.317 INFO Variáveis de ambiente carregadas do .env: JDBC_DATABASE_URL: [jdbc:postgresql://localhost:5432/m33_db], JDBC_DATABASE_USERNAME: [postgres], JDBC_DATABASE_PASSWORD: [F7@uM!dQ#2kLpZxT$9eV], HIBERNATE_DDL_AUTO: [update]
2025-05-20T22:27:07.756 INFO Starting FixYouApplication using Java 21.0.7 with PID 18920 (C:\Dev\Workspace\fixyou\target\classes started by samuel.duarte in C:\Dev\Workspace\fixyou)
2025-05-20T22:27:07.760 INFO No active profile set, falling back to 1 default profile: "default"
2025-05-20T22:27:26.842 INFO Carregando variáveis de ambiente do arquivo .env para ambiente local.
2025-05-20T22:27:26.881 INFO Variáveis de ambiente carregadas do .env: JDBC_DATABASE_URL: [jdbc:postgresql://localhost:5432/m33_db], JDBC_DATABASE_USERNAME: [postgres], JDBC_DATABASE_PASSWORD: [F7@uM!dQ#2kLpZxT$9eV], HIBERNATE_DDL_AUTO: [update]
2025-05-20T22:27:27.408 INFO Starting FixYouApplication using Java 21.0.7 with PID 16060 (C:\Dev\Workspace\fixyou\target\classes started by samuel.duarte in C:\Dev\Workspace\fixyou)
2025-05-20T22:27:27.413 INFO No active profile set, falling back to 1 default profile: "default"
2025-05-20T22:28:27.528 INFO Carregando variáveis de ambiente do arquivo .env para ambiente local.
2025-05-20T22:28:27.563 INFO Variáveis de ambiente carregadas do .env: JDBC_DATABASE_URL: [jdbc:postgresql://localhost:5432/m33_db], JDBC_DATABASE_USERNAME: [postgres], JDBC_DATABASE_PASSWORD: [F7@uM!dQ#2kLpZxT$9eV], HIBERNATE_DDL_AUTO: [update]
2025-05-20T22:28:28.072 INFO Starting FixYouApplication using Java 21.0.7 with PID 12148 (C:\Dev\Workspace\fixyou\target\classes started by samuel.duarte in C:\Dev\Workspace\fixyou)
2025-05-20T22:28:28.076 INFO No active profile set, falling back to 1 default profile: "default"
2025-05-20T22:30:14.787 INFO Carregando variáveis de ambiente do arquivo .env para ambiente local.
2025-05-20T22:30:14.820 INFO Variáveis de ambiente carregadas do .env: JDBC_DATABASE_URL: [jdbc:postgresql://localhost:5432/m33_db], JDBC_DATABASE_USERNAME: [postgres], JDBC_DATABASE_PASSWORD: [F7@uM!dQ#2kLpZxT$9eV], HIBERNATE_DDL_AUTO: [update]
2025-05-20T22:30:15.323 INFO Starting FixYouApplication using Java 21.0.7 with PID 31476 (C:\Dev\Workspace\fixyou\target\classes started by samuel.duarte in C:\Dev\Workspace\fixyou)
2025-05-20T22:30:15.327 INFO No active profile set, falling back to 1 default profile: "default"
2025-05-20T22:30:22.126 INFO Realm Deafault URL: [null]
2025-05-20T22:36:30.522 INFO Carregando variáveis de ambiente do arquivo .env para ambiente local.
2025-05-20T22:36:30.545 INFO Variáveis de ambiente carregadas do .env: JDBC_DATABASE_URL: [jdbc:postgresql://localhost:5432/m33_db], JDBC_DATABASE_USERNAME: [postgres], JDBC_DATABASE_PASSWORD: [F7@uM!dQ#2kLpZxT$9eV], HIBERNATE_DDL_AUTO: [update]
2025-05-20T22:36:30.963 INFO Starting FixYouApplication using Java 21.0.7 with PID 9124 (C:\Dev\Workspace\fixyou\target\classes started by samuel.duarte in C:\Dev\Workspace\fixyou)
2025-05-20T22:36:30.967 INFO No active profile set, falling back to 1 default profile: "default"
2025-05-20T22:36:36.127 INFO Realm URL utilizado no JWT: [${KEYCLOAK_ISSUER_URI}]
2025-05-20T22:39:42.781 INFO Carregando variáveis de ambiente do arquivo .env para ambiente local.
2025-05-20T22:39:42.806 INFO Variáveis de ambiente carregadas do .env: JDBC_DATABASE_URL: [jdbc:postgresql://localhost:5432/m33_db], JDBC_DATABASE_USERNAME: [postgres], JDBC_DATABASE_PASSWORD: [F7@uM!dQ#2kLpZxT$9eV], HIBERNATE_DDL_AUTO: [update]
2025-05-20T22:39:43.253 INFO Starting FixYouApplication using Java 21.0.7 with PID 19728 (C:\Dev\Workspace\fixyou\target\classes started by samuel.duarte in C:\Dev\Workspace\fixyou)
2025-05-20T22:39:43.257 INFO No active profile set, falling back to 1 default profile: "default"
2025-05-20T22:43:44.433 INFO Carregando variáveis de ambiente do arquivo .env para ambiente local.
2025-05-20T22:43:44.457 INFO Variáveis carregadas do .env: JDBC_DATABASE_URL: [jdbc:postgresql://localhost:5432/m33_db], JDBC_DATABASE_USERNAME: [postgres], KEYCLOAK_ISSUER_URI: [http://localhost:8081/realms/fixyourealm]
2025-05-20T22:43:44.869 INFO Starting FixYouApplication using Java 21.0.7 with PID 28200 (C:\Dev\Workspace\fixyou\target\classes started by samuel.duarte in C:\Dev\Workspace\fixyou)
2025-05-20T22:43:44.873 INFO No active profile set, falling back to 1 default profile: "default"
2025-05-20T22:43:50.667 INFO Started FixYouApplication in 6.127 seconds (process running for 7.122)
2025-05-20T22:44:50.396 INFO Carregando variáveis de ambiente do arquivo .env para ambiente local.
2025-05-20T22:44:50.418 INFO Variáveis carregadas do .env: JDBC_DATABASE_URL: [jdbc:postgresql://localhost:5432/m33_db], JDBC_DATABASE_USERNAME: [postgres], KEYCLOAK_ISSUER_URI: [http://localhost:8081/realms/fixyourealm]
2025-05-20T22:44:50.867 INFO Starting FixYouApplication using Java 21.0.7 with PID 17556 (C:\Dev\Workspace\fixyou\target\classes started by samuel.duarte in C:\Dev\Workspace\fixyou)
2025-05-20T22:44:50.871 INFO No active profile set, falling back to 1 default profile: "default"
2025-05-20T22:44:56.557 INFO Started FixYouApplication in 6.05 seconds (process running for 7.096)
2025-05-20T22:46:05.612 INFO Carregando variáveis de ambiente do arquivo .env para ambiente local.
2025-05-20T22:46:05.635 INFO Variáveis carregadas do .env: JDBC_DATABASE_URL: [jdbc:postgresql://localhost:5432/m33_db], JDBC_DATABASE_USERNAME: [postgres], KEYCLOAK_ISSUER_URI: [http://localhost:8081/realms/fixyourealm]
2025-05-20T22:46:06.043 INFO Starting FixYouApplication using Java 21.0.7 with PID 30916 (C:\Dev\Workspace\fixyou\target\classes started by samuel.duarte in C:\Dev\Workspace\fixyou)
2025-05-20T22:46:06.046 INFO No active profile set, falling back to 1 default profile: "default"
2025-05-20T22:46:11.866 INFO Started FixYouApplication in 6.152 seconds (process running for 7.134)
2025-05-20T22:46:46.968 INFO Carregando variáveis de ambiente do arquivo .env para ambiente local.
2025-05-20T22:46:46.993 INFO Variáveis carregadas do .env: JDBC_DATABASE_URL: [jdbc:postgresql://localhost:5432/m33_db], JDBC_DATABASE_USERNAME: [postgres], KEYCLOAK_ISSUER_URI: [http://localhost:8081/realms/fixyourealm]
2025-05-20T22:46:47.594 INFO Starting FixYouApplication using Java 21.0.7 with PID 19768 (C:\Dev\Workspace\fixyou\target\classes started by samuel.duarte in C:\Dev\Workspace\fixyou)
2025-05-20T22:46:47.598 INFO No active profile set, falling back to 1 default profile: "default"
2025-05-20T22:46:53.623 INFO Started FixYouApplication in 6.531 seconds (process running for 7.678)
2025-05-20T22:46:57.271 INFO Carregando variáveis de ambiente do arquivo .env para ambiente local.
2025-05-20T22:46:57.298 INFO Variáveis carregadas do .env: JDBC_DATABASE_URL: [jdbc:postgresql://localhost:5432/m33_db], JDBC_DATABASE_USERNAME: [postgres], KEYCLOAK_ISSUER_URI: [http://localhost:8081/realms/fixyourealm]
2025-05-20T22:46:57.762 INFO Starting FixYouApplication using Java 21.0.7 with PID 23716 (C:\Dev\Workspace\fixyou\target\classes started by samuel.duarte in C:\Dev\Workspace\fixyou)
2025-05-20T22:46:57.766 INFO No active profile set, falling back to 1 default profile: "default"
2025-05-20T22:47:03.439 INFO Started FixYouApplication in 6.027 seconds (process running for 7.188)
2025-05-20T22:48:03.347 INFO Carregando variáveis de ambiente do arquivo .env para ambiente local.
2025-05-20T22:48:03.369 INFO Variáveis carregadas do .env: JDBC_DATABASE_URL: [jdbc:postgresql://localhost:5432/m33_db], JDBC_DATABASE_USERNAME: [postgres], KEYCLOAK_ISSUER_URI: [http://localhost:8081/realms/fixyourealm]
2025-05-20T22:48:03.791 INFO Starting FixYouApplication using Java 21.0.7 with PID 4496 (C:\Dev\Workspace\fixyou\target\classes started by samuel.duarte in C:\Dev\Workspace\fixyou)
2025-05-20T22:48:03.794 INFO No active profile set, falling back to 1 default profile: "default"
2025-05-20T22:48:09.869 INFO Started FixYouApplication in 6.415 seconds (process running for 7.376)
2025-05-21T00:37:27.425 INFO Carregando variáveis de ambiente do arquivo .env para ambiente local.
2025-05-21T00:37:27.448 INFO Variáveis carregadas do .env: JDBC_DATABASE_URL: [jdbc:postgresql://localhost:5432/m33_db], JDBC_DATABASE_USERNAME: [postgres], KEYCLOAK_ISSUER_URI: [http://localhost:8081/realms/fixyourealm]
2025-05-21T00:37:27.876 INFO Starting FixYouApplication using Java 21.0.7 with PID 24260 (C:\Dev\Workspace\fixyou\target\classes started by samuel.duarte in C:\Dev\Workspace\fixyou)
2025-05-21T00:37:27.880 INFO No active profile set, falling back to 1 default profile: "default"
2025-05-21T00:37:33.643 INFO Started FixYouApplication in 6.112 seconds (process running for 7.117)
2025-05-21T00:37:50.976 INFO Carregando variáveis de ambiente do arquivo .env para ambiente local.
2025-05-21T00:37:51.022 INFO Variáveis carregadas do .env: JDBC_DATABASE_URL: [jdbc:postgresql://localhost:5432/m33_db], JDBC_DATABASE_USERNAME: [postgres], KEYCLOAK_ISSUER_URI: [http://localhost:8081/realms/fixyourealm]
2025-05-21T00:37:51.658 INFO Starting FixYouApplication using Java 21.0.7 with PID 30736 (C:\Dev\Workspace\fixyou\target\classes started by samuel.duarte in C:\Dev\Workspace\fixyou)
2025-05-21T00:37:51.663 INFO No active profile set, falling back to 1 default profile: "default"
2025-05-21T00:38:40.554 INFO Started FixYouApplication in 49.42 seconds (process running for 50.914)
2025-05-21T00:39:02.867 INFO Carregando variáveis de ambiente do arquivo .env para ambiente local.
2025-05-21T00:39:02.897 INFO Variáveis carregadas do .env: JDBC_DATABASE_URL: [jdbc:postgresql://localhost:5432/m33_db], JDBC_DATABASE_USERNAME: [postgres], KEYCLOAK_ISSUER_URI: [http://localhost:8081/realms/fixyourealm]
2025-05-21T00:39:03.399 INFO Starting FixYouApplication using Java 21.0.7 with PID 20692 (C:\Dev\Workspace\fixyou\target\classes started by samuel.duarte in C:\Dev\Workspace\fixyou)
2025-05-21T00:39:03.403 INFO No active profile set, falling back to 1 default profile: "default"
2025-05-21T00:39:17.854 INFO Started FixYouApplication in 14.88 seconds (process running for 16.148)
2025-05-21T00:41:26.582 INFO Carregando variáveis de ambiente do arquivo .env para ambiente local.
2025-05-21T00:41:26.613 INFO Variáveis carregadas do .env: JDBC_DATABASE_URL: [jdbc:postgresql://localhost:5432/m33_db], JDBC_DATABASE_USERNAME: [postgres], KEYCLOAK_ISSUER_URI: [http://localhost:8081/realms/fixyourealm]
2025-05-21T00:41:27.089 INFO Starting FixYouApplication using Java 21.0.7 with PID 28828 (C:\Dev\Workspace\fixyou\target\classes started by samuel.duarte in C:\Dev\Workspace\fixyou)
2025-05-21T00:41:27.093 INFO No active profile set, falling back to 1 default profile: "default"
2025-05-21T00:41:42.411 INFO Started FixYouApplication in 15.725 seconds (process running for 16.95)
2025-05-21T00:45:49.392 INFO Carregando variáveis de ambiente do arquivo .env para ambiente local.
2025-05-21T00:45:49.414 INFO Variáveis carregadas do .env: JDBC_DATABASE_URL: [jdbc:postgresql://localhost:5432/m33_db], JDBC_DATABASE_USERNAME: [postgres], KEYCLOAK_ISSUER_URI: [http://localhost:8081/realms/fixyourealm]
2025-05-21T00:45:49.830 INFO Starting FixYouApplication using Java 21.0.7 with PID 27628 (C:\Dev\Workspace\fixyou\target\classes started by samuel.duarte in C:\Dev\Workspace\fixyou)
2025-05-21T00:45:49.833 INFO No active profile set, falling back to 1 default profile: "default"
2025-05-21T00:45:55.339 INFO Started FixYouApplication in 5.848 seconds (process running for 6.83)
2025-05-21T00:50:45.030 INFO Carregando variáveis de ambiente do arquivo .env para ambiente local.
2025-05-21T00:50:45.055 INFO Variáveis carregadas do .env: JDBC_DATABASE_URL: [jdbc:postgresql://localhost:5432/m33_db], JDBC_DATABASE_USERNAME: [postgres], KEYCLOAK_ISSUER_URI: [http://localhost:8081/realms/fixyourealm],CORS_ALLOWED_LIST: [http://localhost:8081,http://localhost:8083,http://localhost:4200] 
2025-05-21T00:50:45.469 INFO Starting FixYouApplication using Java 21.0.7 with PID 24296 (C:\Dev\Workspace\fixyou\target\classes started by samuel.duarte in C:\Dev\Workspace\fixyou)
2025-05-21T00:50:45.473 INFO No active profile set, falling back to 1 default profile: "default"
2025-05-21T00:50:51.057 INFO Started FixYouApplication in 5.922 seconds (process running for 6.902)
2025-05-21T00:58:24.900 INFO Carregando variáveis de ambiente do arquivo .env para ambiente local.
2025-05-21T00:58:24.922 INFO Environments loaded do .env: JDBC_DATABASE_URL: [jdbc:postgresql://localhost:5432/m33_db], JDBC_DATABASE_USERNAME: [postgres], KEYCLOAK_ISSUER_URI: [http://localhost:8081/realms/fixyourealm],KEYCLOAK_JWK_SET_URI: [http://localhost:8081/realms/fixyourealm/protocol/openid-connect/certs], CORS_ALLOWED_LIST: [http://localhost:8081,http://localhost:8083,http://localhost:4200],APPLICATION_NAME: [fixyou] 
2025-05-21T00:58:25.335 INFO Starting FixYouApplication using Java 21.0.7 with PID 6700 (C:\Dev\Workspace\fixyou\target\classes started by samuel.duarte in C:\Dev\Workspace\fixyou)
2025-05-21T00:58:25.339 INFO No active profile set, falling back to 1 default profile: "default"
2025-05-21T00:58:30.725 INFO Started FixYouApplication in 5.721 seconds (process running for 6.695)
2025-05-21T01:03:27.885 INFO Carregando variáveis de ambiente do arquivo .env para ambiente local.
2025-05-21T01:03:27.907 INFO Environments loaded do .env: JDBC_DATABASE_URL: [jdbc:postgresql://localhost:5432/m33_db], JDBC_DATABASE_USERNAME: [postgres], KEYCLOAK_ISSUER_URI: [http://localhost:8081/realms/fixyourealm], CORS_ALLOWED_LIST: [http://localhost:8081,http://localhost:8083,http://localhost:4200]
2025-05-21T01:03:28.327 INFO Starting FixYouApplication using Java 21.0.7 with PID 30700 (C:\Dev\Workspace\fixyou\target\classes started by samuel.duarte in C:\Dev\Workspace\fixyou)
2025-05-21T01:03:28.332 INFO No active profile set, falling back to 1 default profile: "default"
2025-05-21T01:03:33.877 INFO Started FixYouApplication in 5.888 seconds (process running for 6.865)
2025-05-21T01:05:02.233 INFO Carregando variáveis de ambiente do arquivo .env para ambiente local.
2025-05-21T01:05:02.256 INFO Environments loaded do .env: JDBC_DATABASE_URL: [jdbc:postgresql://localhost:5432/m33_db], JDBC_DATABASE_USERNAME: [postgres], KEYCLOAK_ISSUER_URI: [http://localhost:8081/realms/fixyourealm], CORS_ALLOWED_LIST: [http://localhost:8081,http://localhost:8083,http://localhost:4200]
2025-05-21T01:05:02.678 INFO Starting FixYouApplication using Java 21.0.7 with PID 19016 (C:\Dev\Workspace\fixyou\target\classes started by samuel.duarte in C:\Dev\Workspace\fixyou)
2025-05-21T01:05:02.684 INFO No active profile set, falling back to 1 default profile: "default"
2025-05-21T01:05:08.206 INFO Started FixYouApplication in 5.867 seconds (process running for 6.868)
2025-05-21T01:17:01.606 INFO Carregando variáveis de ambiente do arquivo .env para ambiente local.
2025-05-21T01:17:01.628 INFO Environments loaded do .env: JDBC_DATABASE_URL: [jdbc:postgresql://localhost:5432/m33_db], JDBC_DATABASE_USERNAME: [postgres], KEYCLOAK_ISSUER_URI: [http://localhost:8081/realms/fixyourealm], CORS_ALLOWED_LIST: [http://localhost:8081,http://localhost:8083,http://localhost:4200]
2025-05-21T01:17:02.052 INFO Starting FixYouApplication using Java 21.0.7 with PID 21268 (C:\Dev\Workspace\fixyou\target\classes started by samuel.duarte in C:\Dev\Workspace\fixyou)
2025-05-21T01:17:02.056 INFO No active profile set, falling back to 1 default profile: "default"
2025-05-21T01:17:07.455 INFO Started FixYouApplication in 5.743 seconds (process running for 6.741)
2025-05-21T01:18:29.552 INFO Carregando variáveis de ambiente do arquivo .env para ambiente local.
2025-05-21T01:18:29.574 INFO Environments loaded do .env: JDBC_DATABASE_URL: [jdbc:postgresql://localhost:5432/m33_db], JDBC_DATABASE_USERNAME: [postgres], KEYCLOAK_ISSUER_URI: [http://localhost:8081/realms/fixyourealm], CORS_ALLOWED_LIST: [http://localhost:8081,http://localhost:8083,http://localhost:4200]
2025-05-21T01:18:29.995 INFO Starting FixYouApplication using Java 21.0.7 with PID 14200 (C:\Dev\Workspace\fixyou\target\classes started by samuel.duarte in C:\Dev\Workspace\fixyou)
2025-05-21T01:18:29.998 INFO No active profile set, falling back to 1 default profile: "default"
2025-05-21T01:18:35.627 INFO Started FixYouApplication in 5.97 seconds (process running for 6.952)
2025-05-21T01:19:00.945 INFO Carregando variáveis de ambiente do arquivo .env para ambiente local.
2025-05-21T01:19:00.983 INFO Environments loaded do .env: JDBC_DATABASE_URL: [jdbc:postgresql://localhost:5432/m33_db], JDBC_DATABASE_USERNAME: [postgres], KEYCLOAK_ISSUER_URI: [http://localhost:8081/realms/fixyourealm], CORS_ALLOWED_LIST: [http://localhost:8081,http://localhost:8083,http://localhost:4200]
2025-05-21T01:19:01.507 INFO Starting FixYouApplication using Java 21.0.7 with PID 19208 (C:\Dev\Workspace\fixyou\target\classes started by samuel.duarte in C:\Dev\Workspace\fixyou)
2025-05-21T01:19:01.512 INFO No active profile set, falling back to 1 default profile: "default"
2025-05-21T01:19:16.197 INFO Started FixYouApplication in 15.132 seconds (process running for 16.516)
2025-05-21T01:21:12.703 INFO Carregando variáveis de ambiente do arquivo .env para ambiente local.
2025-05-21T01:21:12.726 INFO Environments loaded do .env: JDBC_DATABASE_URL: [jdbc:postgresql://localhost:5432/m33_db], JDBC_DATABASE_USERNAME: [postgres], KEYCLOAK_ISSUER_URI: [http://localhost:8081/realms/fixyourealm], CORS_ALLOWED_LIST: [http://localhost:8081,http://localhost:8083,http://localhost:4200]
2025-05-21T01:21:13.159 INFO Starting FixYouApplication using Java 21.0.7 with PID 29000 (C:\Dev\Workspace\fixyou\target\classes started by samuel.duarte in C:\Dev\Workspace\fixyou)
2025-05-21T01:21:13.163 INFO No active profile set, falling back to 1 default profile: "default"
2025-05-21T01:21:18.579 INFO Started FixYouApplication in 5.77 seconds (process running for 6.729)
2025-05-21T01:23:34.488 INFO Carregando variáveis de ambiente do arquivo .env para ambiente local.
2025-05-21T01:23:34.513 INFO Environments loaded do .env: JDBC_DATABASE_URL: [jdbc:postgresql://localhost:5432/m33_db], JDBC_DATABASE_USERNAME: [postgres], KEYCLOAK_ISSUER_URI: [http://localhost:8081/realms/fixyourealm], CORS_ALLOWED_LIST: [http://localhost:8081,http://localhost:8083,http://localhost:4200]
2025-05-21T01:23:34.929 INFO Starting FixYouApplication using Java 21.0.7 with PID 28272 (C:\Dev\Workspace\fixyou\target\classes started by samuel.duarte in C:\Dev\Workspace\fixyou)
2025-05-21T01:23:34.933 INFO No active profile set, falling back to 1 default profile: "default"
2025-05-21T01:23:40.309 INFO Started FixYouApplication in 5.711 seconds (process running for 6.664)
2025-05-21T01:25:55.251 INFO Carregando variáveis de ambiente do arquivo .env para ambiente local.
2025-05-21T01:25:55.276 INFO Environments loaded do .env: JDBC_DATABASE_URL: [jdbc:postgresql://localhost:5432/m33_db], JDBC_DATABASE_USERNAME: [postgres], KEYCLOAK_ISSUER_URI: [http://localhost:8081/realms/fixyourealm], CORS_ALLOWED_LIST: [http://localhost:8081,http://localhost:8083,http://localhost:4200]
2025-05-21T01:25:55.727 INFO Starting FixYouApplication using Java 21.0.7 with PID 4560 (C:\Dev\Workspace\fixyou\target\classes started by samuel.duarte in C:\Dev\Workspace\fixyou)
2025-05-21T01:25:55.731 INFO No active profile set, falling back to 1 default profile: "default"
2025-05-21T01:26:01.645 INFO Started FixYouApplication in 6.273 seconds (process running for 7.313)
2025-05-21T01:32:18.131 INFO Carregando variáveis de ambiente do arquivo .env para ambiente local.
2025-05-21T01:32:18.155 INFO Environments loaded do .env: JDBC_DATABASE_URL: [jdbc:postgresql://localhost:5432/m33_db], JDBC_DATABASE_USERNAME: [postgres], KEYCLOAK_ISSUER_URI: [http://localhost:8081/realms/fixyourealm], CORS_ALLOWED_LIST: [http://localhost:8081,http://localhost:8083,http://localhost:4200]
2025-05-21T01:32:18.591 INFO Starting FixYouApplication using Java 21.0.7 with PID 11124 (C:\Dev\Workspace\fixyou\target\classes started by samuel.duarte in C:\Dev\Workspace\fixyou)
2025-05-21T01:32:18.595 INFO No active profile set, falling back to 1 default profile: "default"
2025-05-21T01:32:24.497 INFO Started FixYouApplication in 6.255 seconds (process running for 7.328)
2025-05-21T01:35:42.534 INFO Carregando variáveis de ambiente do arquivo .env para ambiente local.
2025-05-21T01:35:42.559 INFO Environments loaded do .env: JDBC_DATABASE_URL: [jdbc:postgresql://localhost:5432/m33_db], JDBC_DATABASE_USERNAME: [postgres], KEYCLOAK_ISSUER_URI: [http://localhost:8081/realms/fixyourealm], CORS_ALLOWED_LIST: [http://localhost:8081,http://localhost:8083,http://localhost:4200]
2025-05-21T01:35:43.025 INFO Starting FixYouApplication using Java 21.0.7 with PID 21596 (C:\Dev\Workspace\fixyou\target\classes started by samuel.duarte in C:\Dev\Workspace\fixyou)
2025-05-21T01:35:43.028 INFO No active profile set, falling back to 1 default profile: "default"
2025-05-21T01:35:48.821 INFO Started FixYouApplication in 6.166 seconds (process running for 7.286)
2025-05-21T01:37:39.537 INFO Carregando variáveis de ambiente do arquivo .env para ambiente local.
2025-05-21T01:37:39.577 INFO Environments loaded do .env: JDBC_DATABASE_URL: [jdbc:postgresql://localhost:5432/m33_db], JDBC_DATABASE_USERNAME: [postgres], KEYCLOAK_ISSUER_URI: [http://localhost:8081/realms/fixyourealm], CORS_ALLOWED_LIST: [http://localhost:8081,http://localhost:8083,http://localhost:4200]
2025-05-21T01:37:40.092 INFO Starting FixYouApplication using Java 21.0.7 with PID 14304 (C:\Dev\Workspace\fixyou\target\classes started by samuel.duarte in C:\Dev\Workspace\fixyou)
2025-05-21T01:37:40.097 INFO No active profile set, falling back to 1 default profile: "default"
2025-05-21T01:37:46.747 INFO Started FixYouApplication in 7.072 seconds (process running for 8.494)
2025-05-21T01:38:08.431 INFO Client value: [null]
